C51 COMPILER V7.00  ______                                                               10/07/2009 20:18:02 PAGE 1   


C51 COMPILER V7.00, COMPILATION OF MODULE ______
OBJECT MODULE PLACED IN 温度报警.OBJ
COMPILER INVOKED BY: C:\Keil\C51\BIN\C51.EXE 温度报警.c BROWSE DEBUG OBJECTEXTEND

stmt level    source

   1          #include < reg52.h >
   2          #include < intrins.h >
   3          
   4          #define uchar unsigned char
   5          #define uint  unsigned int
   6          //#define ufloat unsigned float
   7          
   8          sbit DQ = P1^2 ;  //定义DS18B20端口DQ
   9          sbit BEEP=P1^3  ; //蜂鸣器驱动线
  10          
  11          bit presence  ;
  12          
  13          sbit LCD_RS = P2^2 ;
  14          sbit LCD_RW = P2^3 ;
  15          sbit LCD_EN = P2^4 ;
  16          
  17          uchar code  cdis1[ ] = {" Happy everyday !  "} ;//嘉乐电子缩写
  18          uchar code  cdis2[ ] = {" WENDU:    .  C "} ;
  19          uchar code  cdis3[ ] = {" DS18B20  ERR0R "} ;
  20          uchar code  cdis4[ ] = {"  PLEASE CHECK  "} ;
  21          
  22          uint AlarmTemp;
  23          
  24          unsigned char data  temp_data[2] = {0x00,0x00} ;
  25          unsigned char data  display[5] =   {0x00,0x00,0x00,0x00,0x00} ;
  26          unsigned char code  ditab[16] =    {0x00,0x01,0x01,0x02,0x03,0x03,0x04,0x04,
  27                                                                  0x05,0x06,0x06,0x07,0x08,0x08,0x09,0x09} ;///*小数
             -位表，四舍五入*/
  28          //
  29          void beep() ;
  30          unsigned char code  mytab[8] = {0x0C,0x12,0x12,0x0C,0x00,0x00,0x00,0x00} ;
  31          
  32          #define delayNOP() ; {_nop_() ;_nop_() ;_nop_() ;_nop_() ;} ;
  33          
  34          /*******************************************************************/
  35          void delay1(int ms)
  36          {
  37   1       unsigned char y ;
  38   1        while(ms--)
  39   1       {
  40   2        for(y = 0 ; y<250 ; y++)
  41   2        {
  42   3         _nop_() ;
  43   3         _nop_() ;
  44   3         _nop_() ;
  45   3         _nop_() ;
  46   3        }
  47   2       }
  48   1      }
  49          
  50          /******************************************************************/
  51          /*检查LCD忙状态                                                   */
  52          /*lcd_busy为1时，忙，等待。lcd-busy为0时,闲，可写指令与数据。   */
  53          /******************************************************************/
  54          bit lcd_busy()
C51 COMPILER V7.00  ______                                                               10/07/2009 20:18:02 PAGE 2   

  55           {
  56   1          bit result ;
  57   1          LCD_RS = 0 ;
  58   1          LCD_RW = 1 ;
  59   1          LCD_EN = 1 ;
  60   1          delayNOP() ;
  61   1          result = (bit)(P0&0x80) ;
  62   1          LCD_EN = 0 ;
  63   1          return(result) ;
  64   1       }
  65          
  66          /*写指令数据到LCD                                                  */
  67          /*RS=L，RW=L，E=高脉冲，D0-D7=指令码。          */
  68          /*******************************************************************/
  69          void lcd_wcmd(uchar cmd)
  70          {
  71   1         while(lcd_busy()) ;
  72   1          LCD_RS = 0 ;
  73   1          LCD_RW = 0 ;
  74   1          LCD_EN = 0 ;
  75   1          _nop_() ;
  76   1          _nop_() ;
  77   1          P0 = cmd ;
  78   1          delayNOP() ;
  79   1          LCD_EN = 1 ;
  80   1          delayNOP() ;
  81   1          LCD_EN = 0 ;
  82   1      }
  83          
  84          /*******************************************************************/
  85          /*写显示数据到LCD                            */
  86          /*RS=H，RW=L，E=高脉冲，D0-D7=数据。       */
  87          /*******************************************************************/
  88          void lcd_wdat(uchar dat)
  89          {
  90   1         while(lcd_busy()) ;
  91   1          LCD_RS = 1 ;
  92   1          LCD_RW = 0 ;
  93   1          LCD_EN = 0 ;
  94   1          P0 = dat ;
  95   1          delayNOP() ;
  96   1          LCD_EN = 1 ;
  97   1          delayNOP() ;
  98   1          LCD_EN = 0 ;
  99   1      }
 100          
 101          
 102          /*  LCD初始化设定                                                  */
 103          /*******************************************************************/
 104          void lcd_init()
 105          {
 106   1          delay1(15) ;
 107   1          lcd_wcmd(0x01) ;      //清除LCD的显示内容
 108   1          lcd_wcmd(0x38) ;      //16*2显示，5*7点阵，8位数据
 109   1          delay1(5) ;
 110   1          lcd_wcmd(0x38) ;
 111   1          delay1(5) ;
 112   1          lcd_wcmd(0x38) ;
 113   1          delay1(5) ;
 114   1      
 115   1          lcd_wcmd(0x0c) ;      //显示开，关光标
 116   1          delay1(5) ;
C51 COMPILER V7.00  ______                                                               10/07/2009 20:18:02 PAGE 3   

 117   1          lcd_wcmd(0x06) ;      //移动光标
 118   1          delay1(5) ;
 119   1          lcd_wcmd(0x01) ;      //清除LCD的显示内容
 120   1          delay1(5) ;
 121   1      }
 122          
 123          /*  设定显示位置                                    */
 124          /*******************************************************************/
 125          void lcd_pos(uchar pos)
 126          {
 127   1        lcd_wcmd(pos | 0x80) ;  //数据指针=80+地址变量
 128   1      }
 129          
 130          /*自定义字符写入CGRAM                                   */
 131          /*******************************************************************/
 132          void  writetab()
 133          {
 134   1          unsigned char i ;
 135   1          lcd_wcmd(0x40) ;            //写CGRAM
 136   1          for (i = 0 ; i< 8 ; i++)
 137   1          lcd_wdat(mytab[ i ]) ;
 138   1      }
 139          
 140          /*us级延时函数                                        */
 141          /*******************************************************************/
 142          
 143          void Delay(unsigned int num)
 144          {
 145   1        while( --num ) ;
 146   1      }
 147          
 148          /*初始化ds1820                                      */
 149          /*******************************************************************/
 150          Init_DS18B20(void)
 151          {
 152   1           DQ = 1 ;      //DQ复位
 153   1           Delay(8) ;    //稍做延时
 154   1      
 155   1           DQ = 0 ;      //单片机将DQ拉低
 156   1           Delay(90) ;   //精确延时 大于 480us
 157   1      
 158   1           DQ = 1 ;       //拉高总线
 159   1           Delay(8) ;
 160   1      
 161   1           presence = DQ ;    //如果=0则初始化成功 =1则初始化失败
 162   1           Delay(100) ;
 163   1           DQ = 1 ;
 164   1      
 165   1           return(presence) ; //返回信号，0=presence,1= no presence
 166   1      }
 167          
 168          
 169          /* 读一个字节                     */
 170          /*******************************************************************/
 171           ReadOneChar(void)
 172          {
 173   1      unsigned char i = 0 ;
 174   1      unsigned char dat = 0 ;
 175   1      
 176   1      for (i = 8 ; i > 0 ; i--)
 177   1        {
 178   2          DQ = 0 ; // 给脉冲信号
C51 COMPILER V7.00  ______                                                               10/07/2009 20:18:02 PAGE 4   

 179   2          dat >>= 1 ;
 180   2          DQ = 1 ; // 给脉冲信号
 181   2      
 182   2          if(DQ)
 183   2           dat |= 0x80 ;
 184   2          Delay(4) ;
 185   2        }
 186   1      
 187   1          return (dat) ;
 188   1      }
 189          
 190          /* 写一个字节                                         */
 191          /*******************************************************************/
 192           WriteOneChar(unsigned char dat)
 193          {
 194   1        unsigned char i = 0 ;
 195   1        for (i = 8 ; i > 0 ; i--)
 196   1        {
 197   2          DQ = 0 ;
 198   2          DQ = dat&0x01 ;
 199   2          Delay(5) ;
 200   2      
 201   2          DQ = 1 ;
 202   2          dat>>=1 ;
 203   2        }
 204   1      }
 205          
 206          /* 读取温度                            */
 207          /*******************************************************************/
 208           Read_Temperature(void)
 209          {
 210   1           Init_DS18B20() ;
 211   1      
 212   1           WriteOneChar(0xCC) ;  // 跳过读序号列号的操作
 213   1           WriteOneChar(0x44) ;  // 启动温度转换
 214   1      
 215   1           Init_DS18B20() ;
 216   1           WriteOneChar(0xCC) ;  //跳过读序号列号的操作
 217   1           WriteOneChar(0xBE) ;  //读取温度寄存器
 218   1      
 219   1           temp_data[0] = ReadOneChar() ;   //温度低8位
 220   1           temp_data[1] = ReadOneChar() ;   //温度高8位
 221   1      }
 222          
 223          /* 数据转换与温度显示                                              */
 224          /*******************************************************************/
 225           Disp_Temperature()
 226          {
 227   1        display[4]=temp_data[0]&0x0f ;
 228   1        display[0]=ditab[display[4]]+0x30 ;     //查表得小数位的值
 229   1      
 230   1        display[4]=((temp_data[0]&0xf0)>>4)|((temp_data[1]&0x0f)<<4) ;
 231   1        display[3]=display[4]/100+0x30 ;
 232   1        display[1]=display[4]%100 ;
 233   1        display[2]=display[1]/10+0x30 ;
 234   1        display[1]=display[1]%10+0x30 ;
 235   1      
 236   1          if(display[3]==0x30)        //高位为0，不显示
 237   1         {
 238   2           display[3]=0x20 ;
 239   2           if(display[2]==0x30)      //次高位为0，不显示
 240   2           display[2]=0x20 ;
C51 COMPILER V7.00  ______                                                               10/07/2009 20:18:02 PAGE 5   

 241   2         }
 242   1      
 243   1           lcd_pos(0x48) ;
 244   1           lcd_wdat(display[3]) ;        //百位数显示
 245   1           lcd_pos(0x49) ;
 246   1           lcd_wdat(display[2]) ;        //十位数显示
 247   1        lcd_pos(0x4a) ;
 248   1           lcd_wdat(display[1]) ;        //个位数显示
 249   1        lcd_pos(0x4c) ;
 250   1           lcd_wdat(display[0]) ;        //小数位数显示
 251   1      }
 252          
 253          /*******************************************************************/
 254          /* 蜂鸣器响一声                 */
 255          /*******************************************************************/
 256          void beep()
 257            {
 258   1          unsigned char y ;
 259   1          for (y=0 ;y<100 ;y++)
 260   1          {
 261   2            Delay(60) ;
 262   2            BEEP=!BEEP ;                //BEEP取反
 263   2          }
 264   1          BEEP=1 ;                      //关闭蜂鸣器
 265   1       Delay(40000) ;
 266   1        }
 267          
 268          /* DS18B20 OK 显示菜单                                             */
 269          /*******************************************************************/
 270          void  Ok_Menu ()
 271          {
 272   1          uchar  m ;
 273   1          lcd_init() ;                //初始化LCD
 274   1      
 275   1          lcd_pos(0) ;                //设置显示位置为第一行的第1个字符
 276   1           m = 0 ;
 277   1          while(cdis1[m] != '\0')
 278   1           {                         //显示字符
 279   2             lcd_wdat(cdis1[m]) ;
 280   2             m++ ;
 281   2           }
 282   1      
 283   1          lcd_pos(0x40) ;             //设置显示位置为第二行第1个字符
 284   1           m = 0 ;
 285   1          while(cdis2[m] != '\0')
 286   1           {
 287   2             lcd_wdat(cdis2[m]) ;      //显示字符
 288   2             m++ ;
 289   2           }
 290   1      
 291   1           writetab() ;               //自定义字符写入CGRAM
 292   1           delay1(5) ;
 293   1           lcd_pos(0x4d) ;
 294   1           lcd_wdat(0x00) ;          //显示自定义字符
 295   1      }
 296          
 297          
 298          /* DS18B20 ERROR 显示菜单                             */
 299          /*******************************************************************/
 300          void  Error_Menu ()
 301          {
 302   1           uchar  m ;
C51 COMPILER V7.00  ______                                                               10/07/2009 20:18:02 PAGE 6   

 303   1           lcd_init() ;                //初始化LCD
 304   1      
 305   1          lcd_pos(0) ;                //设置显示位置为第一行的第1个字符
 306   1           m = 0 ;
 307   1           while(cdis3[m] != '\0')
 308   1           {                         //显示字符
 309   2             lcd_wdat(cdis3[m]) ;
 310   2             m++ ;
 311   2           }
 312   1      
 313   1           lcd_pos(0x40) ;             //设置显示位置为第二行第1个字符
 314   1           m = 0 ;
 315   1           while(cdis4[m] != '\0')
 316   1           {
 317   2             lcd_wdat(cdis4[m]) ;      //显示字符
 318   2             m++ ;
 319   2           }
 320   1      }
 321           //bit flag;
 322           uchar count=0;
 323          
 324          /*void dely500(void){
 325          
 326                  uchar i;
 327                  for(i=250;i>0;i--){_nop_();
 328                          
 329                  }
 330          }
 331          */
 332          /* 主函数     */
 333          /************************************/
 334          void main()
 335           {
 336   1           Ok_Menu () ;
 337   1      
 338   1               
 339   1      
 340   1      
 341   1       do
 342   1        {
 343   2            Read_Temperature() ;
 344   2            Disp_Temperature() ;
 345   2              
 346   2              //AlarmTemp=(int)(10*display[2]+display[1]+(display[0]/10));
 347   2      
 348   2           }
 349   1          while(!presence)  ;
 350   1      
 351   1           Error_Menu () ;
 352   1      
 353   1       do
 354   1        {
 355   2          Init_DS18B20() ;
 356   2          beep() ;
 357   2           }
 358   1       while(presence) ;
 359   1      
 360   1      }
 361          


MODULE INFORMATION:   STATIC OVERLAYABLE
C51 COMPILER V7.00  ______                                                               10/07/2009 20:18:02 PAGE 7   

   CODE SIZE        =    622    ----
   CONSTANT SIZE    =     95    ----
   XDATA SIZE       =   ----    ----
   PDATA SIZE       =   ----    ----
   DATA SIZE        =     10    ----
   IDATA SIZE       =   ----    ----
   BIT SIZE         =      1       1
END OF MODULE INFORMATION.


C51 COMPILATION COMPLETE.  0 WARNING(S),  0 ERROR(S)
