C51 COMPILER V7.00  16021602                                                               10/23/2009 18:29:55 PAGE 1   


C51 COMPILER V7.00, COMPILATION OF MODULE 16021602
OBJECT MODULE PLACED IN 16021602.OBJ
COMPILER INVOKED BY: C:\Keil\C51\BIN\C51.EXE 16021602.c BROWSE DEBUG OBJECTEXTEND

stmt level    source

   1          #include < reg51.h >
   2          #include < intrins.h >
   3          
   4          #define uchar unsigned char
   5          #define uint  unsigned int
   6          
   7          /*******************************定义全局变量********************************/
   8          unsigned char dat=0x00 ;      //AD值
   9          
  10          unsigned char channel;       //通道变量
  11          //ADC0832的引脚
  12          sbit AD1_CS =P1^4;  //ADC0832 chip seclect
  13          sbit AD1_DI =P1^6;  //ADC0832 k in
  14          sbit AD1_DO =P1^6;  //ADC0832 k out
  15          sbit AD1_CLK=P1^5; //ADC0832 clock signal
  16          sbit LED1_=P0^4;
  17          
  18          unsigned char data  temp_data1_[2] = {0x00,0x00} ;
  19          unsigned char data  display1_[5] =   {0x00,0x00,0x00,0x00,0x00} ;
  20          unsigned char code  ditab[16] =    {0x00,0x01,0x01,0x02,0x03,0x03,0x04,0x04,
  21                                                                  0x05,0x06,0x06,0x07,0x08,0x08,0x09,0x09} ;/*小数位
             -表，四舍五入*/
  22          
  23          void beep() ;
  24          /*******************************************************************/
  25          void delay1(int ms)//延迟函数
  26          
  27          { unsigned char y ;
  28   1        while(ms--)
  29   1        {
  30   2        for(y = 0 ; y<250 ; y++)
  31   2        {
  32   3         _nop_() ;
  33   3         _nop_() ;
  34   3         _nop_() ;
  35   3         _nop_() ;
  36   3        }
  37   2        }
  38   1       }
  39          
  40           unsigned int Adc1_0832()     //AD转换，返回结果
  41          {
  42   1          uchar i=0;
  43   1          uchar j;
  44   1          uint dat=0;
  45   1          uchar ndat=0;
  46   1          AD1_DI=1;
  47   1          _nop_();
  48   1          _nop_();
  49   1          AD1_CS=0;//拉低CS端
  50   1          _nop_();
  51   1          _nop_();
  52   1          AD1_CLK=1;//拉高CLK端
  53   1          _nop_();
  54   1          _nop_();
C51 COMPILER V7.00  16021602                                                               10/23/2009 18:29:55 PAGE 2   

  55   1          AD1_CLK=0;//拉低CLK端,形成下降沿1
  56   1          _nop_();
  57   1          _nop_();
  58   1          AD1_CLK=1;//拉高CLK端
  59   1          AD1_DI=0;   //通道0
  60   1          _nop_();
  61   1          _nop_();
  62   1          AD1_CLK=0;//拉低CLK端,形成下降沿2
  63   1          _nop_();
  64   1          _nop_();
  65   1          AD1_CLK=1;//拉高CLK端
  66   1          AD1_DI=1;//选通道   1
  67   1          _nop_();
  68   1          _nop_();
  69   1          AD1_CLK=0;//拉低CLK端,形成下降沿3
  70   1          AD1_DI=1;//控制命令结束 
  71   1          _nop_();
  72   1          _nop_();
  73   1          dat=0;
  74   1          for(i=0;i<8;i++)
  75   1          {
  76   2              dat|=AD1_DO;//收数据
  77   2              AD1_CLK=1;
  78   2              _nop_();
  79   2              _nop_();
  80   2              AD1_CLK=0;//形成一次时钟脉冲
  81   2              _nop_();
  82   2              _nop_();
  83   2              dat<<=1;
  84   2              if(i==7)dat|=AD1_DO;
  85   2          }  
  86   1          for(i=0;i<8;i++)
  87   1          {
  88   2              j=0;
  89   2              j=j|AD1_DO;//收数据
  90   2              AD1_CLK=1;
  91   2              _nop_();
  92   2              _nop_();
  93   2              AD1_CLK=0;//形成一次时钟脉冲
  94   2              _nop_();
  95   2              _nop_();
  96   2              j=j<<7;
  97   2              ndat=ndat|j;
  98   2              if(i<7)ndat>>=1;
  99   2          }
 100   1          AD1_CS=1;//拉低CS端
 101   1          AD1_CLK=0;//拉低CLK端
 102   1          AD1_DO=1;//拉高数据端,回到初始状态
 103   1          dat<<=8;
 104   1          dat|=ndat;
 105   1          return(dat);            //return ad k
 106   1      }
 107          
 108          /* 读取温度                            */  
 109          /*******************************************************************/     
 110          adc1_display(void) {
 111   1           temp_data1_[0] =  Adc1_0832();   //温度低8位
 112   1      
 113   1      
 114   1      /* 数据转换与温度显示                                              */
 115   1      /*******************************************************************/
 116   1        
C51 COMPILER V7.00  16021602                                                               10/23/2009 18:29:55 PAGE 3   

 117   1        display1_[4]=(temp_data1_[0]&0x0f) ;  //换算成8位二进制
 118   1        display1_[0]=ditab[display1_[4]]+0x30 ;     //查表得小数位的值
 119   1      
 120   1        display1_[4]=((temp_data1_[0]&0xf0)>>4)|((temp_data1_[1]&0x0f)<<4) ;
 121   1        display1_[3]=display1_[4]/100+0x30 ;
 122   1        display1_[1]=display1_[4]%100 ;
 123   1        display1_[2]=display1_[1]/10+0x30 ;
 124   1        display1_[1]=display1_[1]%10+0x30 ;
 125   1          if(display1_[3]==0x30)        //高位为0，不显示
 126   1         {
 127   2           display1_[3]=0x20 ;
 128   2           if(display1_[2]==0x30)      //次高位为0，不显示
 129   2           display1_[2]=0x20 ;
 130   2         }
 131   1                }
 132          
 133          
 134          
 135          
 136          
 137          
 138          
 139          
 140            void main()
 141            { 
 142   1              while(1) {   
 143   2              adc1_display();
 144   2                      if(display1_[1]>=0x37){LED1_=~LED1_; delay1(100);}
 145   2      else LED1_=0;
 146   2               }
 147   1              }
 148          
 149          
 150          
 151          


MODULE INFORMATION:   STATIC OVERLAYABLE
   CODE SIZE        =    271    ----
   CONSTANT SIZE    =     16    ----
   XDATA SIZE       =   ----    ----
   PDATA SIZE       =   ----    ----
   DATA SIZE        =      9    ----
   IDATA SIZE       =   ----    ----
   BIT SIZE         =   ----    ----
END OF MODULE INFORMATION.


C51 COMPILATION COMPLETE.  0 WARNING(S),  0 ERROR(S)
